<?xml version="1.0" encoding="UTF-8"?>
<testng-results ignored="0" total="2" passed="2" failed="0" skipped="0">
  <reporter-output>
  </reporter-output>
  <suite started-at="2025-02-17T12:03:25 EET" name="Default suite" finished-at="2025-02-17T12:03:49 EET" duration-ms="24593">
    <groups>
    </groups>
    <test started-at="2025-02-17T12:03:25 EET" name="Default test" finished-at="2025-02-17T12:03:49 EET" duration-ms="24593">
      <class name="LoginTestCases">
        <test-method is-config="true" signature="setup()[pri:0, instance:LoginTestCases@7b9a4292]" started-at="2025-02-17T12:03:25 EET" name="setup" finished-at="2025-02-17T12:03:37 EET" duration-ms="12307" status="PASS">
          <reporter-output>
          </reporter-output>
        </test-method> <!-- setup -->
        <test-method signature="invalid_usernameinvalid_password()[pri:1, instance:LoginTestCases@7b9a4292]" started-at="2025-02-17T12:03:37 EET" name="invalid_usernameinvalid_password" finished-at="2025-02-17T12:03:44 EET" duration-ms="6892" status="PASS">
          <reporter-output>
          </reporter-output>
        </test-method> <!-- invalid_usernameinvalid_password -->
        <test-method signature="valid_username_valid_password()[pri:2, instance:LoginTestCases@7b9a4292]" started-at="2025-02-17T12:03:44 EET" name="valid_username_valid_password" finished-at="2025-02-17T12:03:49 EET" duration-ms="5314" status="PASS">
          <reporter-output>
          </reporter-output>
        </test-method> <!-- valid_username_valid_password -->
      </class> <!-- LoginTestCases -->
    </test> <!-- Default test -->
  </suite> <!-- Default suite -->
</testng-results>
